Loading plugins phase: Elapsed time ==> 0s.884ms
Initializing data phase: Elapsed time ==> 4s.577ms
<CYPRESSTAG name="CyDsfit arguments...">
cydsfit arguments: -.fdsnotice -.fdswarpdepfile=warp_dependencies.txt -.fdselabdepfile=elab_dependencies.txt -.fdsbldfile=generated_files.txt -p C:\Users\Mike\Documents\PulseSensor\USB_UART01.cydsn\USB_UART01.cyprj -d CY8C5568AXI-060 -s C:\Users\Mike\Documents\PulseSensor\USB_UART01.cydsn\Generated_Source\PSoC5 -- -yv2 -v3 -ygs -q10 -o2 -.fftcfgtype=LE</CYPRESSTAG>
<CYPRESSTAG name="Design elaboration results...">
</CYPRESSTAG>
Elaboration phase: Elapsed time ==> 3s.919ms
<CYPRESSTAG name="HDL generation results...">
</CYPRESSTAG>
HDL generation phase: Elapsed time ==> 0s.148ms
<CYPRESSTAG name="Synthesis results...">

     | | | | | | |
   _________________
  -|               |-
  -|               |-
  -|               |-
  -|    CYPRESS    |-
  -|               |-
  -|               |-   Warp Verilog Synthesis Compiler: Version 6.3 IR 41
  -|               |-   Copyright (C) 1991-2001 Cypress Semiconductor
   |_______________|
     | | | | | | |

======================================================================
Compiling:  USB_UART01.v
Program  :   C:\Program Files\Cypress\PSoC Creator\2.1\PSoC Creator\warp\bin/warp.exe
Options  :    -yv2 -v3 -ygs -q10 -o2 -.fftcfgtype=LE -ya -.fftprj=C:\Users\Mike\Documents\PulseSensor\USB_UART01.cydsn\USB_UART01.cyprj -dcpsoc3 USB_UART01.v -verilog
======================================================================

======================================================================
Compiling:  USB_UART01.v
Program  :   C:\Program Files\Cypress\PSoC Creator\2.1\PSoC Creator\warp\bin/warp.exe
Options  :    -yv2 -v3 -ygs -q10 -o2 -.fftcfgtype=LE -ya -.fftprj=C:\Users\Mike\Documents\PulseSensor\USB_UART01.cydsn\USB_UART01.cyprj -dcpsoc3 USB_UART01.v -verilog
======================================================================

======================================================================
Compiling:  USB_UART01.v
Program  :   vlogfe
Options  :    -yv2 -v3 -ygs -q10 -o2 -.fftcfgtype=LE -ya -.fftprj=C:\Users\Mike\Documents\PulseSensor\USB_UART01.cydsn\USB_UART01.cyprj -dcpsoc3 -verilog USB_UART01.v
======================================================================

vlogfe V6.3 IR 41:  Verilog parser
Mon Sep 17 15:04:24 2012


======================================================================
Compiling:  USB_UART01.v
Program  :   vpp
Options  :    -yv2 -q10 USB_UART01.v
======================================================================

vpp V6.3 IR 41:  Verilog Pre-Processor
Mon Sep 17 15:04:24 2012


vpp:  No errors.

Library 'work' => directory 'lcpsoc3'
General_symbol_table
General_symbol_table
Linking 'C:\Program Files\Cypress\PSoC Creator\2.1\PSoC Creator\warp\lib\common\std.vhd'.
Linking 'C:\Program Files\Cypress\PSoC Creator\2.1\PSoC Creator\warp\lib\common\cypress.vhd'.
Linking 'C:\Program Files\Cypress\PSoC Creator\2.1\PSoC Creator\warp\lib\common\work\cypress.vif'.
Linking 'C:\Program Files\Cypress\PSoC Creator\2.1\PSoC Creator\warp\lib\ieee\work\stdlogic.vif'.
Linking 'C:\Program Files\Cypress\PSoC Creator\2.1\PSoC Creator\warp\lib\common\stdlogic\lpmpkg.vif'.
Linking 'C:\Program Files\Cypress\PSoC Creator\2.1\PSoC Creator\warp\lib\common\stdlogic\rtlpkg.vif'.
Linking 'C:\Program Files\Cypress\PSoC Creator\2.1\PSoC Creator\warp\lib\common\stdlogic\mod_cnst.vif'.
Linking 'C:\Program Files\Cypress\PSoC Creator\2.1\PSoC Creator\warp\lib\common\stdlogic\mod_mthv.vif'.
Linking 'C:\Program Files\Cypress\PSoC Creator\2.1\PSoC Creator\warp\lib\common\stdlogic\mod_genv.vif'.
Using control file 'USB_UART01.ctl'.

vlogfe:  No errors.


======================================================================
Compiling:  USB_UART01.v
Program  :   tovif
Options  :    -yv2 -v3 -ygs -q10 -o2 -.fftcfgtype=LE -ya -.fftprj=C:\Users\Mike\Documents\PulseSensor\USB_UART01.cydsn\USB_UART01.cyprj -dcpsoc3 -verilog USB_UART01.v
======================================================================

tovif V6.3 IR 41:  High-level synthesis
Mon Sep 17 15:04:24 2012

Linking 'C:\Program Files\Cypress\PSoC Creator\2.1\PSoC Creator\warp\lib\common\std.vhd'.
Linking 'C:\Program Files\Cypress\PSoC Creator\2.1\PSoC Creator\warp\lib\common\cypress.vhd'.
Linking 'C:\Program Files\Cypress\PSoC Creator\2.1\PSoC Creator\warp\lib\common\work\cypress.vif'.
Linking 'C:\Program Files\Cypress\PSoC Creator\2.1\PSoC Creator\warp\lib\ieee\work\stdlogic.vif'.
Linking 'C:\Program Files\Cypress\PSoC Creator\2.1\PSoC Creator\warp\lib\common\stdlogic\lpmpkg.vif'.
Linking 'C:\Program Files\Cypress\PSoC Creator\2.1\PSoC Creator\warp\lib\common\stdlogic\rtlpkg.vif'.
Linking 'C:\Program Files\Cypress\PSoC Creator\2.1\PSoC Creator\warp\lib\common\stdlogic\mod_cnst.vif'.
Linking 'C:\Program Files\Cypress\PSoC Creator\2.1\PSoC Creator\warp\lib\common\stdlogic\mod_mthv.vif'.
Linking 'C:\Program Files\Cypress\PSoC Creator\2.1\PSoC Creator\warp\lib\common\stdlogic\mod_genv.vif'.
Linking 'C:\Users\Mike\Documents\PulseSensor\USB_UART01.cydsn\codegentemp\USB_UART01.ctl'.
Linking 'C:\Users\Mike\Documents\PulseSensor\USB_UART01.cydsn\codegentemp\USB_UART01.v'.

tovif:  No errors.


======================================================================
Compiling:  USB_UART01.v
Program  :   topld
Options  :    -yv2 -v3 -ygs -q10 -o2 -.fftcfgtype=LE -ya -.fftprj=C:\Users\Mike\Documents\PulseSensor\USB_UART01.cydsn\USB_UART01.cyprj -dcpsoc3 -verilog USB_UART01.v
======================================================================

topld V6.3 IR 41:  Synthesis and optimization
Mon Sep 17 15:04:24 2012

Linking 'C:\Program Files\Cypress\PSoC Creator\2.1\PSoC Creator\warp\lib\common\std.vhd'.
Linking 'C:\Program Files\Cypress\PSoC Creator\2.1\PSoC Creator\warp\lib\common\cypress.vhd'.
Linking 'C:\Program Files\Cypress\PSoC Creator\2.1\PSoC Creator\warp\lib\common\work\cypress.vif'.
Linking 'C:\Program Files\Cypress\PSoC Creator\2.1\PSoC Creator\warp\lib\ieee\work\stdlogic.vif'.
Linking 'C:\Program Files\Cypress\PSoC Creator\2.1\PSoC Creator\warp\lib\common\stdlogic\lpmpkg.vif'.
Linking 'C:\Program Files\Cypress\PSoC Creator\2.1\PSoC Creator\warp\lib\common\stdlogic\rtlpkg.vif'.
Linking 'C:\Program Files\Cypress\PSoC Creator\2.1\PSoC Creator\warp\lib\common\stdlogic\mod_cnst.vif'.
Linking 'C:\Program Files\Cypress\PSoC Creator\2.1\PSoC Creator\warp\lib\common\stdlogic\mod_mthv.vif'.
Linking 'C:\Program Files\Cypress\PSoC Creator\2.1\PSoC Creator\warp\lib\common\stdlogic\mod_genv.vif'.
Linking 'C:\Users\Mike\Documents\PulseSensor\USB_UART01.cydsn\codegentemp\USB_UART01.ctl'.
Linking 'C:\Users\Mike\Documents\PulseSensor\USB_UART01.cydsn\codegentemp\USB_UART01.v'.
Linking 'C:\Program Files\Cypress\PSoC Creator\2.1\PSoC Creator\warp\lib\lcpsoc3\stdlogic\cpsoc3.vif'.

----------------------------------------------------------
Detecting unused logic.
----------------------------------------------------------



------------------------------------------------------
Alias Detection
------------------------------------------------------
Aliasing \USBUART_1:tmpOE__Dp_1_net_0\ to \USBUART_1:tmpOE__Dm_net_0\
Aliasing \LCD:tmpOE__LCDPort_net_6\ to \USBUART_1:tmpOE__Dm_net_0\
Aliasing \LCD:tmpOE__LCDPort_net_5\ to \USBUART_1:tmpOE__Dm_net_0\
Aliasing \LCD:tmpOE__LCDPort_net_4\ to \USBUART_1:tmpOE__Dm_net_0\
Aliasing \LCD:tmpOE__LCDPort_net_3\ to \USBUART_1:tmpOE__Dm_net_0\
Aliasing \LCD:tmpOE__LCDPort_net_2\ to \USBUART_1:tmpOE__Dm_net_0\
Aliasing \LCD:tmpOE__LCDPort_net_1\ to \USBUART_1:tmpOE__Dm_net_0\
Aliasing \LCD:tmpOE__LCDPort_net_0\ to \USBUART_1:tmpOE__Dm_net_0\
Removing Lhs of wire \USBUART_1:tmpOE__Dp_1_net_0\[41] = \USBUART_1:tmpOE__Dm_net_0\[34]
Removing Lhs of wire \LCD:tmpOE__LCDPort_net_6\[47] = \USBUART_1:tmpOE__Dm_net_0\[34]
Removing Lhs of wire \LCD:tmpOE__LCDPort_net_5\[48] = \USBUART_1:tmpOE__Dm_net_0\[34]
Removing Lhs of wire \LCD:tmpOE__LCDPort_net_4\[49] = \USBUART_1:tmpOE__Dm_net_0\[34]
Removing Lhs of wire \LCD:tmpOE__LCDPort_net_3\[50] = \USBUART_1:tmpOE__Dm_net_0\[34]
Removing Lhs of wire \LCD:tmpOE__LCDPort_net_2\[51] = \USBUART_1:tmpOE__Dm_net_0\[34]
Removing Lhs of wire \LCD:tmpOE__LCDPort_net_1\[52] = \USBUART_1:tmpOE__Dm_net_0\[34]
Removing Lhs of wire \LCD:tmpOE__LCDPort_net_0\[53] = \USBUART_1:tmpOE__Dm_net_0\[34]

------------------------------------------------------
Aliased 0 equations, 8 wires.
------------------------------------------------------

----------------------------------------------------------
Circuit simplification
----------------------------------------------------------

Substituting virtuals - pass 1:


----------------------------------------------------------
Circuit simplification results:

	Expanded 0 signals.
	Turned 0 signals into soft nodes.
	Maximum default expansion cost was set at 3.
----------------------------------------------------------

topld:  No errors.

CYPRESS_DIR    : C:\Program Files\Cypress\PSoC Creator\2.1\PSoC Creator\warp
Warp Program   : C:\Program Files\Cypress\PSoC Creator\2.1\PSoC Creator\warp\bin/warp.exe
Warp Arguments : -yv2 -v3 -ygs -q10 -o2 -.fftcfgtype=LE -ya -.fftprj=C:\Users\Mike\Documents\PulseSensor\USB_UART01.cydsn\USB_UART01.cyprj -dcpsoc3 USB_UART01.v -verilog
</CYPRESSTAG>
Warp synthesis phase: Elapsed time ==> 0s.622ms
<CYPRESSTAG name="Fitter results...">
<CYPRESSTAG name="Fitter startup details...">
cyp3fit: V2.1.0.607, Family: PSoC3, Started at: Monday, 17 September 2012 15:04:24
Options: -yv2 -v3 -ygs -q10 -o2 -.fftcfgtype=LE -ya -.fftprj=C:\Users\Mike\Documents\PulseSensor\USB_UART01.cydsn\USB_UART01.cyprj -d CY8C5568AXI-060 USB_UART01.v -verilog
</CYPRESSTAG>
<CYPRESSTAG name="Design parsing">
Design parsing phase: Elapsed time ==> 0s.103ms
</CYPRESSTAG>
<CYPRESSTAG name="Tech mapping">
<CYPRESSTAG name="Initial Mapping" icon="FILE_RPT_TECHM">
<CYPRESSTAG name="Global Clock Selection" icon="FILE_RPT_TECHM">
</CYPRESSTAG>
<CYPRESSTAG name="UDB Clock/Enable Remapping Results">
</CYPRESSTAG>
ADD: pft.M0040: information: The following 2 pin(s) will be assigned a location by the fitter: \USBUART_1:Dm(0)\, \USBUART_1:Dp_1(0)\

<CYPRESSTAG name="Duplicate Macrocell detection">
</CYPRESSTAG>
</CYPRESSTAG>
<CYPRESSTAG name="Duplicate Macrocell detection">
</CYPRESSTAG>
<CYPRESSTAG name="Design Equations" icon="FILE_RPT_EQUATION">

------------------------------------------------------------
Design Equations
------------------------------------------------------------
    <CYPRESSTAG name="Pin listing">

    ------------------------------------------------------------
    Pin listing
    ------------------------------------------------------------

    Pin : Name = \LCD:LCDPort(0)\
        Attributes:
            In Group/Port: True
            In Sync Option: AUTO
            Out Sync Option: NOSYNC
            Interrupt generated: False
            Interrupt mode: NONE
            Drive mode: CMOS_OUT
            VTrip: EITHER
            Slew: FAST
            Input Sync needed: False
            Output Sync needed: False
            SC shield enabled: False
            POR State: ANY
            LCD Mode: COMMON
            Register Mode: RegComb
            CaSense Mode: NEITHER
            Treat as pin: False
            Is OE Registered: False
            Uses Analog: False
            Can contain Digital: True
            Is SIO: False
            SIO Output Buf: NONREGULATED
            SIO Input Buf: SINGLE_ENDED
            SIO HiFreq: LOW
            SIO Hyst: DISABLED
            SIO Vtrip: MULTIPLIER_0_5
            SIO RefSel: VCC_IO
            Required Capabilitites: DIGITAL
            Initial Value: 0
            IO Voltage: 0
        PORT MAP (
            pad => \LCD:LCDPort(0)_PAD\ );
        Properties:
        {
        }

    Pin : Name = \LCD:LCDPort(1)\
        Attributes:
            In Group/Port: True
            In Sync Option: AUTO
            Out Sync Option: NOSYNC
            Interrupt generated: False
            Interrupt mode: NONE
            Drive mode: CMOS_OUT
            VTrip: EITHER
            Slew: FAST
            Input Sync needed: False
            Output Sync needed: False
            SC shield enabled: False
            POR State: ANY
            LCD Mode: COMMON
            Register Mode: RegComb
            CaSense Mode: NEITHER
            Treat as pin: False
            Is OE Registered: False
            Uses Analog: False
            Can contain Digital: True
            Is SIO: False
            SIO Output Buf: NONREGULATED
            SIO Input Buf: SINGLE_ENDED
            SIO HiFreq: LOW
            SIO Hyst: DISABLED
            SIO Vtrip: MULTIPLIER_0_5
            SIO RefSel: VCC_IO
            Required Capabilitites: DIGITAL
            Initial Value: 0
            IO Voltage: 0
        PORT MAP (
            pad => \LCD:LCDPort(1)_PAD\ );
        Properties:
        {
        }

    Pin : Name = \LCD:LCDPort(2)\
        Attributes:
            In Group/Port: True
            In Sync Option: AUTO
            Out Sync Option: NOSYNC
            Interrupt generated: False
            Interrupt mode: NONE
            Drive mode: CMOS_OUT
            VTrip: EITHER
            Slew: FAST
            Input Sync needed: False
            Output Sync needed: False
            SC shield enabled: False
            POR State: ANY
            LCD Mode: COMMON
            Register Mode: RegComb
            CaSense Mode: NEITHER
            Treat as pin: False
            Is OE Registered: False
            Uses Analog: False
            Can contain Digital: True
            Is SIO: False
            SIO Output Buf: NONREGULATED
            SIO Input Buf: SINGLE_ENDED
            SIO HiFreq: LOW
            SIO Hyst: DISABLED
            SIO Vtrip: MULTIPLIER_0_5
            SIO RefSel: VCC_IO
            Required Capabilitites: DIGITAL
            Initial Value: 0
            IO Voltage: 0
        PORT MAP (
            pad => \LCD:LCDPort(2)_PAD\ );
        Properties:
        {
        }

    Pin : Name = \LCD:LCDPort(3)\
        Attributes:
            In Group/Port: True
            In Sync Option: AUTO
            Out Sync Option: NOSYNC
            Interrupt generated: False
            Interrupt mode: NONE
            Drive mode: CMOS_OUT
            VTrip: EITHER
            Slew: FAST
            Input Sync needed: False
            Output Sync needed: False
            SC shield enabled: False
            POR State: ANY
            LCD Mode: COMMON
            Register Mode: RegComb
            CaSense Mode: NEITHER
            Treat as pin: False
            Is OE Registered: False
            Uses Analog: False
            Can contain Digital: True
            Is SIO: False
            SIO Output Buf: NONREGULATED
            SIO Input Buf: SINGLE_ENDED
            SIO HiFreq: LOW
            SIO Hyst: DISABLED
            SIO Vtrip: MULTIPLIER_0_5
            SIO RefSel: VCC_IO
            Required Capabilitites: DIGITAL
            Initial Value: 0
            IO Voltage: 0
        PORT MAP (
            pad => \LCD:LCDPort(3)_PAD\ );
        Properties:
        {
        }

    Pin : Name = \LCD:LCDPort(4)\
        Attributes:
            In Group/Port: True
            In Sync Option: AUTO
            Out Sync Option: NOSYNC
            Interrupt generated: False
            Interrupt mode: NONE
            Drive mode: CMOS_OUT
            VTrip: EITHER
            Slew: FAST
            Input Sync needed: False
            Output Sync needed: False
            SC shield enabled: False
            POR State: ANY
            LCD Mode: COMMON
            Register Mode: RegComb
            CaSense Mode: NEITHER
            Treat as pin: False
            Is OE Registered: False
            Uses Analog: False
            Can contain Digital: True
            Is SIO: False
            SIO Output Buf: NONREGULATED
            SIO Input Buf: SINGLE_ENDED
            SIO HiFreq: LOW
            SIO Hyst: DISABLED
            SIO Vtrip: MULTIPLIER_0_5
            SIO RefSel: VCC_IO
            Required Capabilitites: DIGITAL
            Initial Value: 0
            IO Voltage: 0
        PORT MAP (
            pad => \LCD:LCDPort(4)_PAD\ );
        Properties:
        {
        }

    Pin : Name = \LCD:LCDPort(5)\
        Attributes:
            In Group/Port: True
            In Sync Option: AUTO
            Out Sync Option: NOSYNC
            Interrupt generated: False
            Interrupt mode: NONE
            Drive mode: CMOS_OUT
            VTrip: EITHER
            Slew: FAST
            Input Sync needed: False
            Output Sync needed: False
            SC shield enabled: False
            POR State: ANY
            LCD Mode: COMMON
            Register Mode: RegComb
            CaSense Mode: NEITHER
            Treat as pin: False
            Is OE Registered: False
            Uses Analog: False
            Can contain Digital: True
            Is SIO: False
            SIO Output Buf: NONREGULATED
            SIO Input Buf: SINGLE_ENDED
            SIO HiFreq: LOW
            SIO Hyst: DISABLED
            SIO Vtrip: MULTIPLIER_0_5
            SIO RefSel: VCC_IO
            Required Capabilitites: DIGITAL
            Initial Value: 0
            IO Voltage: 0
        PORT MAP (
            pad => \LCD:LCDPort(5)_PAD\ );
        Properties:
        {
        }

    Pin : Name = \LCD:LCDPort(6)\
        Attributes:
            In Group/Port: True
            In Sync Option: AUTO
            Out Sync Option: NOSYNC
            Interrupt generated: False
            Interrupt mode: NONE
            Drive mode: CMOS_OUT
            VTrip: EITHER
            Slew: FAST
            Input Sync needed: False
            Output Sync needed: False
            SC shield enabled: False
            POR State: ANY
            LCD Mode: COMMON
            Register Mode: RegComb
            CaSense Mode: NEITHER
            Treat as pin: False
            Is OE Registered: False
            Uses Analog: False
            Can contain Digital: True
            Is SIO: False
            SIO Output Buf: NONREGULATED
            SIO Input Buf: SINGLE_ENDED
            SIO HiFreq: LOW
            SIO Hyst: DISABLED
            SIO Vtrip: MULTIPLIER_0_5
            SIO RefSel: VCC_IO
            Required Capabilitites: DIGITAL
            Initial Value: 0
            IO Voltage: 0
        PORT MAP (
            pad => \LCD:LCDPort(6)_PAD\ );
        Properties:
        {
        }

    Pin : Name = \USBUART_1:Dm(0)\
        Attributes:
            In Group/Port: True
            In Sync Option: AUTO
            Out Sync Option: AUTO
            Interrupt generated: False
            Interrupt mode: NONE
            Drive mode: HI_Z_ANALOG
            VTrip: EITHER
            Slew: FAST
            Input Sync needed: False
            Output Sync needed: False
            SC shield enabled: False
            POR State: ANY
            LCD Mode: COMMON
            Register Mode: RegComb
            CaSense Mode: NEITHER
            Treat as pin: True
            Is OE Registered: False
            Uses Analog: True
            Can contain Digital: False
            Is SIO: False
            SIO Output Buf: NONREGULATED
            SIO Input Buf: SINGLE_ENDED
            SIO HiFreq: LOW
            SIO Hyst: DISABLED
            SIO Vtrip: MULTIPLIER_0_5
            SIO RefSel: VCC_IO
            Required Capabilitites: USB_D_MINUS
            Initial Value: 0
            IO Voltage: 0
        PORT MAP (
            analog_term => \USBUART_1:Net_597\ ,
            pad => \USBUART_1:Dm(0)_PAD\ );

    Pin : Name = \USBUART_1:Dp_1(0)\
        Attributes:
            In Group/Port: True
            In Sync Option: AUTO
            Out Sync Option: AUTO
            Interrupt generated: False
            Interrupt mode: NONE
            Drive mode: HI_Z_ANALOG
            VTrip: EITHER
            Slew: FAST
            Input Sync needed: False
            Output Sync needed: False
            SC shield enabled: False
            POR State: ANY
            LCD Mode: COMMON
            Register Mode: RegComb
            CaSense Mode: NEITHER
            Treat as pin: True
            Is OE Registered: False
            Uses Analog: True
            Can contain Digital: False
            Is SIO: False
            SIO Output Buf: NONREGULATED
            SIO Input Buf: SINGLE_ENDED
            SIO HiFreq: LOW
            SIO Hyst: DISABLED
            SIO Vtrip: MULTIPLIER_0_5
            SIO RefSel: VCC_IO
            Required Capabilitites: USB_D_PLUS
            Initial Value: 0
            IO Voltage: 0
        PORT MAP (
            analog_term => \USBUART_1:Net_1000\ ,
            pad => \USBUART_1:Dp_1(0)_PAD\ );
    </CYPRESSTAG>
    <CYPRESSTAG name="Macrocell listing" icon="FILE_RPT_EQUATION">
    </CYPRESSTAG>
    <CYPRESSTAG name="Datapath listing">
    </CYPRESSTAG>
    <CYPRESSTAG name="Status register listing">
    </CYPRESSTAG>
    <CYPRESSTAG name="StatusI register listing">
    </CYPRESSTAG>
    <CYPRESSTAG name="Sync listing">
    </CYPRESSTAG>
    <CYPRESSTAG name="Control register listing">
    </CYPRESSTAG>
    <CYPRESSTAG name="Count7 listing">
    </CYPRESSTAG>
    <CYPRESSTAG name="DRQ listing">
    </CYPRESSTAG>
    <CYPRESSTAG name="Interrupt listing">

    ------------------------------------------------------------
    Interrupt listing
    ------------------------------------------------------------

    interrupt: Name =\USBUART_1:arb_int\
        PORT MAP (
            interrupt => \USBUART_1:Net_79\ );
        Properties:
        {
            int_type = "10"
        }

    interrupt: Name =\USBUART_1:bus_reset\
        PORT MAP (
            interrupt => \USBUART_1:Net_81\ );
        Properties:
        {
            int_type = "10"
        }

    interrupt: Name =\USBUART_1:ep_0\
        PORT MAP (
            interrupt => \USBUART_1:ept_int_0\ );
        Properties:
        {
            int_type = "10"
        }

    interrupt: Name =\USBUART_1:ep_1\
        PORT MAP (
            interrupt => \USBUART_1:ept_int_1\ );
        Properties:
        {
            int_type = "10"
        }

    interrupt: Name =\USBUART_1:ep_2\
        PORT MAP (
            interrupt => \USBUART_1:ept_int_2\ );
        Properties:
        {
            int_type = "10"
        }

    interrupt: Name =\USBUART_1:ep_3\
        PORT MAP (
            interrupt => \USBUART_1:ept_int_3\ );
        Properties:
        {
            int_type = "10"
        }

    interrupt: Name =\USBUART_1:ord_int\
        PORT MAP (
            interrupt => \USBUART_1:Net_95\ );
        Properties:
        {
            int_type = "10"
        }

    interrupt: Name =\USBUART_1:sof_int\
        PORT MAP (
            interrupt => Net_55 );
        Properties:
        {
            int_type = "10"
        }
    </CYPRESSTAG>
</CYPRESSTAG>
<CYPRESSTAG name="Technology mapping summary" expanded>

------------------------------------------------------------
Technology mapping summary
------------------------------------------------------------

Resource Type                 : Used : Free :  Max :  % Used
============================================================
Digital domain clock dividers :    0 :    8 :    8 :   0.00%
Analog domain clock dividers  :    0 :    4 :    4 :   0.00%
Pins                          :   12 :   58 :   70 :  17.14%
Macrocells                    :    0 :  192 :  192 :   0.00%
Unique Pterms                 :    0 :  384 :  384 :   0.00%
Datapath Cells                :    0 :   24 :   24 :   0.00%
Status Cells                  :    0 :   24 :   24 :   0.00%
Control Cells                 :    0 :   24 :   24 :   0.00%
DMA Channels                  :    0 :   24 :   24 :   0.00%
Interrupts                    :    8 :   24 :   32 :  25.00%
DSM Fixed Blocks              :    0 :    1 :    1 :   0.00%
VIDAC Fixed Blocks            :    0 :    4 :    4 :   0.00%
SC Fixed Blocks               :    0 :    4 :    4 :   0.00%
Comparator Fixed Blocks       :    0 :    4 :    4 :   0.00%
Opamp Fixed Blocks            :    0 :    4 :    4 :   0.00%
CapSense Buffers              :    0 :    2 :    2 :   0.00%
CAN Fixed Blocks              :    0 :    1 :    1 :   0.00%
Decimator Fixed Blocks        :    0 :    1 :    1 :   0.00%
I2C Fixed Blocks              :    0 :    1 :    1 :   0.00%
Timer Fixed Blocks            :    0 :    4 :    4 :   0.00%
DFB Fixed Blocks              :    0 :    1 :    1 :   0.00%
USB Fixed Blocks              :    1 :    0 :    1 : 100.00%
LCD Fixed Blocks              :    0 :    1 :    1 :   0.00%
EMIF Fixed Blocks             :    0 :    1 :    1 :   0.00%
LPF Fixed Blocks              :    0 :    2 :    2 :   0.00%
SAR Fixed Blocks              :    0 :    2 :    2 :   0.00%
</CYPRESSTAG>
Technology Mapping: Elapsed time ==> 0s.226ms
Tech mapping phase: Elapsed time ==> 0s.375ms
</CYPRESSTAG>
<CYPRESSTAG name="Analog Placement">
Initial Analog Placement Results:
IO_0@[IOP=(2)][IoId=(0)] : \LCD:LCDPort(0)\ (fixed)
IO_1@[IOP=(2)][IoId=(1)] : \LCD:LCDPort(1)\ (fixed)
IO_2@[IOP=(2)][IoId=(2)] : \LCD:LCDPort(2)\ (fixed)
IO_3@[IOP=(2)][IoId=(3)] : \LCD:LCDPort(3)\ (fixed)
IO_4@[IOP=(2)][IoId=(4)] : \LCD:LCDPort(4)\ (fixed)
IO_5@[IOP=(2)][IoId=(5)] : \LCD:LCDPort(5)\ (fixed)
IO_6@[IOP=(2)][IoId=(6)] : \LCD:LCDPort(6)\ (fixed)
IO_7@[IOP=(15)][IoId=(7)] : \USBUART_1:Dm(0)\ (fixed)
IO_6@[IOP=(15)][IoId=(6)] : \USBUART_1:Dp_1(0)\ (fixed)
USB[0]@[FFB(USB,0)] : \USBUART_1:USB\
Analog Placement phase: Elapsed time ==> 0s.253ms
</CYPRESSTAG>
<CYPRESSTAG name="Analog Routing">
============ VeraRouter Final Answer Routes ============
Analog Routing phase: Elapsed time ==> 0s.005ms
</CYPRESSTAG>
<CYPRESSTAG name="Analog Code Generation">
Analog Code Generation phase: Elapsed time ==> 0s.056ms
</CYPRESSTAG>
<CYPRESSTAG name="Digital Placement">
<CYPRESSTAG name="PLD Packing">
<CYPRESSTAG name="PLD Packing Summary">
No PLDs were packed.
</CYPRESSTAG>
PLD Packing: Elapsed time ==> 0s.027ms
</CYPRESSTAG>
<CYPRESSTAG name="Partitioning">
<CYPRESSTAG name="Initial Partitioning Summary">
Initial Partitioning Summary not displayed at this verbose level.</CYPRESSTAG>
<CYPRESSTAG name="Final Partitioning Summary">
Final Partitioning Summary not displayed at this verbose level.</CYPRESSTAG>
Partitioning: Elapsed time ==> 0s.180ms
</CYPRESSTAG>
<CYPRESSTAG name="Simulated Annealing">
Annealing: Elapsed time ==> 0s.052ms
<CYPRESSTAG name="Simulated Annealing Results">
The seed used for moves was 114161200.
Inital cost was 84, final cost is 84 (0.00% improvement).</CYPRESSTAG>
</CYPRESSTAG>
<CYPRESSTAG name="Final Placement Summary">

------------------------------------------------------------
Final Placement Summary
------------------------------------------------------------

       Resource Type :      Count : Avg Inputs : Avg Outputs
    ========================================================
                 UDB :          0 :       0.00 :       0.00
<CYPRESSTAG name="Final Placement Details">
<CYPRESSTAG name="Component Details">

------------------------------------------------------------
Component Placement Details
------------------------------------------------------------
UDB [UDB=(0,0)] is empty.
UDB [UDB=(0,1)] is empty.
UDB [UDB=(0,2)] is empty.
UDB [UDB=(0,3)] is empty.
UDB [UDB=(0,4)] is empty.
UDB [UDB=(0,5)] is empty.
UDB [UDB=(1,0)] is empty.
UDB [UDB=(1,1)] is empty.
UDB [UDB=(1,2)] is empty.
UDB [UDB=(1,3)] is empty.
UDB [UDB=(1,4)] is empty.
UDB [UDB=(1,5)] is empty.
UDB [UDB=(2,0)] is empty.
UDB [UDB=(2,1)] is empty.
UDB [UDB=(2,2)] is empty.
UDB [UDB=(2,3)] is empty.
UDB [UDB=(2,4)] is empty.
UDB [UDB=(2,5)] is empty.
UDB [UDB=(3,0)] is empty.
UDB [UDB=(3,1)] is empty.
UDB [UDB=(3,2)] is empty.
UDB [UDB=(3,3)] is empty.
UDB [UDB=(3,4)] is empty.
UDB [UDB=(3,5)] is empty.
Intr hod @ [IntrHod=(0)]: 
  Intr@ [IntrHod=(0)][IntrId=(0)] 
    interrupt: Name =\USBUART_1:bus_reset\
        PORT MAP (
            interrupt => \USBUART_1:Net_81\ );
        Properties:
        {
            int_type = "10"
        }
  Intr@ [IntrHod=(0)][IntrId=(1)] 
    interrupt: Name =\USBUART_1:ep_0\
        PORT MAP (
            interrupt => \USBUART_1:ept_int_0\ );
        Properties:
        {
            int_type = "10"
        }
  Intr@ [IntrHod=(0)][IntrId=(2)] 
    interrupt: Name =\USBUART_1:ep_1\
        PORT MAP (
            interrupt => \USBUART_1:ept_int_1\ );
        Properties:
        {
            int_type = "10"
        }
  Intr@ [IntrHod=(0)][IntrId=(3)] 
    interrupt: Name =\USBUART_1:ep_2\
        PORT MAP (
            interrupt => \USBUART_1:ept_int_2\ );
        Properties:
        {
            int_type = "10"
        }
  Intr@ [IntrHod=(0)][IntrId=(4)] 
    interrupt: Name =\USBUART_1:ep_3\
        PORT MAP (
            interrupt => \USBUART_1:ept_int_3\ );
        Properties:
        {
            int_type = "10"
        }
  Intr@ [IntrHod=(0)][IntrId=(5)] 
    interrupt: Name =\USBUART_1:sof_int\
        PORT MAP (
            interrupt => Net_55 );
        Properties:
        {
            int_type = "10"
        }
  Intr@ [IntrHod=(0)][IntrId=(22)] 
    interrupt: Name =\USBUART_1:arb_int\
        PORT MAP (
            interrupt => \USBUART_1:Net_79\ );
        Properties:
        {
            int_type = "10"
        }
  Intr@ [IntrHod=(0)][IntrId=(25)] 
    interrupt: Name =\USBUART_1:ord_int\
        PORT MAP (
            interrupt => \USBUART_1:Net_95\ );
        Properties:
        {
            int_type = "10"
        }
Drq hod @ [DrqHod=(0)]: empty
Port 0 is empty
Port 1 is empty
Port 2 contains the following IO cells:
[IoId=0]: 
Pin : Name = \LCD:LCDPort(0)\
    Attributes:
        In Group/Port: True
        In Sync Option: AUTO
        Out Sync Option: NOSYNC
        Interrupt generated: False
        Interrupt mode: NONE
        Drive mode: CMOS_OUT
        VTrip: EITHER
        Slew: FAST
        Input Sync needed: False
        Output Sync needed: False
        SC shield enabled: False
        POR State: ANY
        LCD Mode: COMMON
        Register Mode: RegComb
        CaSense Mode: NEITHER
        Treat as pin: False
        Is OE Registered: False
        Uses Analog: False
        Can contain Digital: True
        Is SIO: False
        SIO Output Buf: NONREGULATED
        SIO Input Buf: SINGLE_ENDED
        SIO HiFreq: LOW
        SIO Hyst: DISABLED
        SIO Vtrip: MULTIPLIER_0_5
        SIO RefSel: VCC_IO
        Required Capabilitites: DIGITAL
        Initial Value: 0
        IO Voltage: 0
    PORT MAP (
        pad => \LCD:LCDPort(0)_PAD\ );
    Properties:
    {
    }

[IoId=1]: 
Pin : Name = \LCD:LCDPort(1)\
    Attributes:
        In Group/Port: True
        In Sync Option: AUTO
        Out Sync Option: NOSYNC
        Interrupt generated: False
        Interrupt mode: NONE
        Drive mode: CMOS_OUT
        VTrip: EITHER
        Slew: FAST
        Input Sync needed: False
        Output Sync needed: False
        SC shield enabled: False
        POR State: ANY
        LCD Mode: COMMON
        Register Mode: RegComb
        CaSense Mode: NEITHER
        Treat as pin: False
        Is OE Registered: False
        Uses Analog: False
        Can contain Digital: True
        Is SIO: False
        SIO Output Buf: NONREGULATED
        SIO Input Buf: SINGLE_ENDED
        SIO HiFreq: LOW
        SIO Hyst: DISABLED
        SIO Vtrip: MULTIPLIER_0_5
        SIO RefSel: VCC_IO
        Required Capabilitites: DIGITAL
        Initial Value: 0
        IO Voltage: 0
    PORT MAP (
        pad => \LCD:LCDPort(1)_PAD\ );
    Properties:
    {
    }

[IoId=2]: 
Pin : Name = \LCD:LCDPort(2)\
    Attributes:
        In Group/Port: True
        In Sync Option: AUTO
        Out Sync Option: NOSYNC
        Interrupt generated: False
        Interrupt mode: NONE
        Drive mode: CMOS_OUT
        VTrip: EITHER
        Slew: FAST
        Input Sync needed: False
        Output Sync needed: False
        SC shield enabled: False
        POR State: ANY
        LCD Mode: COMMON
        Register Mode: RegComb
        CaSense Mode: NEITHER
        Treat as pin: False
        Is OE Registered: False
        Uses Analog: False
        Can contain Digital: True
        Is SIO: False
        SIO Output Buf: NONREGULATED
        SIO Input Buf: SINGLE_ENDED
        SIO HiFreq: LOW
        SIO Hyst: DISABLED
        SIO Vtrip: MULTIPLIER_0_5
        SIO RefSel: VCC_IO
        Required Capabilitites: DIGITAL
        Initial Value: 0
        IO Voltage: 0
    PORT MAP (
        pad => \LCD:LCDPort(2)_PAD\ );
    Properties:
    {
    }

[IoId=3]: 
Pin : Name = \LCD:LCDPort(3)\
    Attributes:
        In Group/Port: True
        In Sync Option: AUTO
        Out Sync Option: NOSYNC
        Interrupt generated: False
        Interrupt mode: NONE
        Drive mode: CMOS_OUT
        VTrip: EITHER
        Slew: FAST
        Input Sync needed: False
        Output Sync needed: False
        SC shield enabled: False
        POR State: ANY
        LCD Mode: COMMON
        Register Mode: RegComb
        CaSense Mode: NEITHER
        Treat as pin: False
        Is OE Registered: False
        Uses Analog: False
        Can contain Digital: True
        Is SIO: False
        SIO Output Buf: NONREGULATED
        SIO Input Buf: SINGLE_ENDED
        SIO HiFreq: LOW
        SIO Hyst: DISABLED
        SIO Vtrip: MULTIPLIER_0_5
        SIO RefSel: VCC_IO
        Required Capabilitites: DIGITAL
        Initial Value: 0
        IO Voltage: 0
    PORT MAP (
        pad => \LCD:LCDPort(3)_PAD\ );
    Properties:
    {
    }

[IoId=4]: 
Pin : Name = \LCD:LCDPort(4)\
    Attributes:
        In Group/Port: True
        In Sync Option: AUTO
        Out Sync Option: NOSYNC
        Interrupt generated: False
        Interrupt mode: NONE
        Drive mode: CMOS_OUT
        VTrip: EITHER
        Slew: FAST
        Input Sync needed: False
        Output Sync needed: False
        SC shield enabled: False
        POR State: ANY
        LCD Mode: COMMON
        Register Mode: RegComb
        CaSense Mode: NEITHER
        Treat as pin: False
        Is OE Registered: False
        Uses Analog: False
        Can contain Digital: True
        Is SIO: False
        SIO Output Buf: NONREGULATED
        SIO Input Buf: SINGLE_ENDED
        SIO HiFreq: LOW
        SIO Hyst: DISABLED
        SIO Vtrip: MULTIPLIER_0_5
        SIO RefSel: VCC_IO
        Required Capabilitites: DIGITAL
        Initial Value: 0
        IO Voltage: 0
    PORT MAP (
        pad => \LCD:LCDPort(4)_PAD\ );
    Properties:
    {
    }

[IoId=5]: 
Pin : Name = \LCD:LCDPort(5)\
    Attributes:
        In Group/Port: True
        In Sync Option: AUTO
        Out Sync Option: NOSYNC
        Interrupt generated: False
        Interrupt mode: NONE
        Drive mode: CMOS_OUT
        VTrip: EITHER
        Slew: FAST
        Input Sync needed: False
        Output Sync needed: False
        SC shield enabled: False
        POR State: ANY
        LCD Mode: COMMON
        Register Mode: RegComb
        CaSense Mode: NEITHER
        Treat as pin: False
        Is OE Registered: False
        Uses Analog: False
        Can contain Digital: True
        Is SIO: False
        SIO Output Buf: NONREGULATED
        SIO Input Buf: SINGLE_ENDED
        SIO HiFreq: LOW
        SIO Hyst: DISABLED
        SIO Vtrip: MULTIPLIER_0_5
        SIO RefSel: VCC_IO
        Required Capabilitites: DIGITAL
        Initial Value: 0
        IO Voltage: 0
    PORT MAP (
        pad => \LCD:LCDPort(5)_PAD\ );
    Properties:
    {
    }

[IoId=6]: 
Pin : Name = \LCD:LCDPort(6)\
    Attributes:
        In Group/Port: True
        In Sync Option: AUTO
        Out Sync Option: NOSYNC
        Interrupt generated: False
        Interrupt mode: NONE
        Drive mode: CMOS_OUT
        VTrip: EITHER
        Slew: FAST
        Input Sync needed: False
        Output Sync needed: False
        SC shield enabled: False
        POR State: ANY
        LCD Mode: COMMON
        Register Mode: RegComb
        CaSense Mode: NEITHER
        Treat as pin: False
        Is OE Registered: False
        Uses Analog: False
        Can contain Digital: True
        Is SIO: False
        SIO Output Buf: NONREGULATED
        SIO Input Buf: SINGLE_ENDED
        SIO HiFreq: LOW
        SIO Hyst: DISABLED
        SIO Vtrip: MULTIPLIER_0_5
        SIO RefSel: VCC_IO
        Required Capabilitites: DIGITAL
        Initial Value: 0
        IO Voltage: 0
    PORT MAP (
        pad => \LCD:LCDPort(6)_PAD\ );
    Properties:
    {
    }

Port 3 is empty
Port 4 is empty
Port 5 is empty
Port 6 is empty
Port 12 is empty
Port 15 contains the following IO cells:
[IoId=6]: 
Pin : Name = \USBUART_1:Dp_1(0)\
    Attributes:
        In Group/Port: True
        In Sync Option: AUTO
        Out Sync Option: AUTO
        Interrupt generated: False
        Interrupt mode: NONE
        Drive mode: HI_Z_ANALOG
        VTrip: EITHER
        Slew: FAST
        Input Sync needed: False
        Output Sync needed: False
        SC shield enabled: False
        POR State: ANY
        LCD Mode: COMMON
        Register Mode: RegComb
        CaSense Mode: NEITHER
        Treat as pin: True
        Is OE Registered: False
        Uses Analog: True
        Can contain Digital: False
        Is SIO: False
        SIO Output Buf: NONREGULATED
        SIO Input Buf: SINGLE_ENDED
        SIO HiFreq: LOW
        SIO Hyst: DISABLED
        SIO Vtrip: MULTIPLIER_0_5
        SIO RefSel: VCC_IO
        Required Capabilitites: USB_D_PLUS
        Initial Value: 0
        IO Voltage: 0
    PORT MAP (
        analog_term => \USBUART_1:Net_1000\ ,
        pad => \USBUART_1:Dp_1(0)_PAD\ );
    Properties:
    {
    }

[IoId=7]: 
Pin : Name = \USBUART_1:Dm(0)\
    Attributes:
        In Group/Port: True
        In Sync Option: AUTO
        Out Sync Option: AUTO
        Interrupt generated: False
        Interrupt mode: NONE
        Drive mode: HI_Z_ANALOG
        VTrip: EITHER
        Slew: FAST
        Input Sync needed: False
        Output Sync needed: False
        SC shield enabled: False
        POR State: ANY
        LCD Mode: COMMON
        Register Mode: RegComb
        CaSense Mode: NEITHER
        Treat as pin: True
        Is OE Registered: False
        Uses Analog: True
        Can contain Digital: False
        Is SIO: False
        SIO Output Buf: NONREGULATED
        SIO Input Buf: SINGLE_ENDED
        SIO HiFreq: LOW
        SIO Hyst: DISABLED
        SIO Vtrip: MULTIPLIER_0_5
        SIO RefSel: VCC_IO
        Required Capabilitites: USB_D_MINUS
        Initial Value: 0
        IO Voltage: 0
    PORT MAP (
        analog_term => \USBUART_1:Net_597\ ,
        pad => \USBUART_1:Dm(0)_PAD\ );
    Properties:
    {
    }

Fixed Function block hod @ [FFB(CAN,0)]: empty
Fixed Function block hod @ [FFB(Cache,0)]: empty
Fixed Function block hod @ [FFB(CapSense,0)]: empty
Fixed Function block hod @ [FFB(Clock,0)]: 
    Clock Block @ [FFB(Clock,0)]: 
    clockblockcell: Name =ClockBlock
        PORT MAP (
            clk_bus_glb => ClockBlock_BUS_CLK ,
            clk_bus => ClockBlock_BUS_CLK_local ,
            clk_sync => ClockBlock_MASTER_CLK ,
            clk_32k_xtal => ClockBlock_XTAL_32KHZ ,
            xtal => ClockBlock_XTAL ,
            ilo => ClockBlock_ILO ,
            clk_100k => ClockBlock_100k ,
            clk_1k => ClockBlock_1k ,
            clk_32k => ClockBlock_32k ,
            pllout => ClockBlock_PLL_OUT ,
            imo => ClockBlock_IMO );
        Properties:
        {
        }
Fixed Function block hod @ [FFB(Comparator,0)]: empty
Fixed Function block hod @ [FFB(DFB,0)]: empty
Fixed Function block hod @ [FFB(DSM,0)]: empty
Fixed Function block hod @ [FFB(Decimator,0)]: empty
Fixed Function block hod @ [FFB(EMIF,0)]: empty
Fixed Function block hod @ [FFB(I2C,0)]: empty
Fixed Function block hod @ [FFB(LCD,0)]: empty
Fixed Function block hod @ [FFB(LVD,0)]: empty
Fixed Function block hod @ [FFB(PM,0)]: empty
Fixed Function block hod @ [FFB(SC,0)]: empty
Fixed Function block hod @ [FFB(SPC,0)]: empty
Fixed Function block hod @ [FFB(Timer,0)]: empty
Fixed Function block hod @ [FFB(USB,0)]: 
    USB Block @ [FFB(USB,0)]: 
    usbcell: Name =\USBUART_1:USB\
        PORT MAP (
            dp => \USBUART_1:Net_1000\ ,
            dm => \USBUART_1:Net_597\ ,
            sof_int => Net_55 ,
            arb_int => \USBUART_1:Net_79\ ,
            usb_int => \USBUART_1:Net_81\ ,
            ept_int_8 => \USBUART_1:ept_int_8\ ,
            ept_int_7 => \USBUART_1:ept_int_7\ ,
            ept_int_6 => \USBUART_1:ept_int_6\ ,
            ept_int_5 => \USBUART_1:ept_int_5\ ,
            ept_int_4 => \USBUART_1:ept_int_4\ ,
            ept_int_3 => \USBUART_1:ept_int_3\ ,
            ept_int_2 => \USBUART_1:ept_int_2\ ,
            ept_int_1 => \USBUART_1:ept_int_1\ ,
            ept_int_0 => \USBUART_1:ept_int_0\ ,
            ord_int => \USBUART_1:Net_95\ ,
            dma_req_7 => \USBUART_1:dma_req_7\ ,
            dma_req_6 => \USBUART_1:dma_req_6\ ,
            dma_req_5 => \USBUART_1:dma_req_5\ ,
            dma_req_4 => \USBUART_1:dma_req_4\ ,
            dma_req_3 => \USBUART_1:dma_req_3\ ,
            dma_req_2 => \USBUART_1:dma_req_2\ ,
            dma_req_1 => \USBUART_1:dma_req_1\ ,
            dma_req_0 => \USBUART_1:dma_req_0\ ,
            dma_termin => \USBUART_1:Net_824\ );
        Properties:
        {
            cy_registers = ""
        }
Fixed Function block hod @ [FFB(VIDAC,0)]: empty
Fixed Function block hod @ [FFB(Abuf,0)]: empty
Fixed Function block hod @ [FFB(CsAbuf,0)]: empty
Fixed Function block hod @ [FFB(Vref,0)]: empty
Fixed Function block hod @ [FFB(LPF,0)]: empty
Fixed Function block hod @ [FFB(SAR,0)]: empty
Fixed Function block hod @ [FFB(TimingFault,0)]: empty
</CYPRESSTAG>
<CYPRESSTAG name="Port Configuration Details">

------------------------------------------------------------
Port Configuration report
------------------------------------------------------------
     |     |       | Interrupt |                  |                     | 
Port | Pin | Fixed |      Type |       Drive Mode |                Name | Connections
-----+-----+-------+-----------+------------------+---------------------+-----------------------------
   2 |   0 |     * |      NONE |         CMOS_OUT |    \LCD:LCDPort(0)\ | 
     |   1 |     * |      NONE |         CMOS_OUT |    \LCD:LCDPort(1)\ | 
     |   2 |     * |      NONE |         CMOS_OUT |    \LCD:LCDPort(2)\ | 
     |   3 |     * |      NONE |         CMOS_OUT |    \LCD:LCDPort(3)\ | 
     |   4 |     * |      NONE |         CMOS_OUT |    \LCD:LCDPort(4)\ | 
     |   5 |     * |      NONE |         CMOS_OUT |    \LCD:LCDPort(5)\ | 
     |   6 |     * |      NONE |         CMOS_OUT |    \LCD:LCDPort(6)\ | 
-----+-----+-------+-----------+------------------+---------------------+-----------------------------
  15 |   6 |       |      NONE |      HI_Z_ANALOG | \USBUART_1:Dp_1(0)\ | Analog(\USBUART_1:Net_1000\)
     |   7 |       |      NONE |      HI_Z_ANALOG |   \USBUART_1:Dm(0)\ | Analog(\USBUART_1:Net_597\)
------------------------------------------------------------------------------------------------------
</CYPRESSTAG>
Log: plm.M0038: The pin named \USBUART_1:Dp_1(0)\ at location P15[6] prevents usage of special purposes: SWD:IO. (App=cydsfit)
Log: plm.M0038: The pin named \USBUART_1:Dm(0)\ at location P15[7] prevents usage of special purposes: SWD:CK. (App=cydsfit)
Info: plm.M0037: USB_UART01.rpt: 
      Certain internal analog resources use the following pins for preferred routing: P15[6], P15[7].
      Please check the "Final Placement Details" section of the report file (USB_UART01.rpt) to see what resources are impacted by your pin selections.
     (File=C:\Users\Mike\Documents\PulseSensor\USB_UART01.cydsn\USB_UART01.rpt(1))
</CYPRESSTAG>
</CYPRESSTAG>
Digital component placer commit/Report: Elapsed time ==> 0s.046ms
Digital Placement phase: Elapsed time ==> 1s.565ms
</CYPRESSTAG>
<CYPRESSTAG name="Digital Routing">
Routing successful.
Digital Routing phase: Elapsed time ==> 1s.986ms
</CYPRESSTAG>
<CYPRESSTAG name="Bitstream and API generation">
Bitstream and API generation phase: Elapsed time ==> 0s.527ms
</CYPRESSTAG>
<CYPRESSTAG name="Bitstream verification">
Bitstream verification phase: Elapsed time ==> 0s.193ms
</CYPRESSTAG>
<CYPRESSTAG name="Static timing analysis">
Timing report is in USB_UART01_timing.html.
Static timing analysis phase: Elapsed time ==> 0s.402ms
</CYPRESSTAG>
<CYPRESSTAG name="Data reporting">
Data reporting phase: Elapsed time ==> 0s.007ms
</CYPRESSTAG>
<CYPRESSTAG name="Database update...">
Design database save phase: Elapsed time ==> 0s.348ms
</CYPRESSTAG>
cydsfit: Elapsed time ==> 5s.875ms
</CYPRESSTAG>
Fitter phase: Elapsed time ==> 5s.954ms
API generation phase: Elapsed time ==> 1s.041ms
Dependency generation phase: Elapsed time ==> 0s.018ms
Cleanup phase: Elapsed time ==> 0s.002ms
